  demo.cpp
D:\github_my\CG_team_project\practice111\obj_reader.h(118,12): warning C4267: '초기화 중': 'size_t'에서 'int'(으)로 변환하면서 데이터가 손실될 수 있습니다.
  (소스 파일 'demo.cpp'을(를) 컴파일하는 중)
  
D:\github_my\CG_team_project\practice111\obj_reader.h(299,61): warning C4267: '=': 'size_t'에서 'unsigned int'(으)로 변환하면서 데이터가 손실될 수 있습니다.
  (소스 파일 'demo.cpp'을(를) 컴파일하는 중)
  
D:\github_my\CG_team_project\practice111\obj_reader.h(301,63): warning C4267: '=': 'size_t'에서 'unsigned int'(으)로 변환하면서 데이터가 손실될 수 있습니다.
  (소스 파일 'demo.cpp'을(를) 컴파일하는 중)
  
D:\github_my\CG_team_project\practice111\obj_reader.h(303,61): warning C4267: '=': 'size_t'에서 'unsigned int'(으)로 변환하면서 데이터가 손실될 수 있습니다.
  (소스 파일 'demo.cpp'을(를) 컴파일하는 중)
  
D:\github_my\CG_team_project\practice111\obj_reader.h(305,63): warning C4267: '=': 'size_t'에서 'unsigned int'(으)로 변환하면서 데이터가 손실될 수 있습니다.
  (소스 파일 'demo.cpp'을(를) 컴파일하는 중)
  
D:\github_my\CG_team_project\practice111\obj_reader.h(307,61): warning C4267: '=': 'size_t'에서 'unsigned int'(으)로 변환하면서 데이터가 손실될 수 있습니다.
  (소스 파일 'demo.cpp'을(를) 컴파일하는 중)
  
D:\github_my\CG_team_project\practice111\obj_reader.h(309,63): warning C4267: '=': 'size_t'에서 'unsigned int'(으)로 변환하면서 데이터가 손실될 수 있습니다.
  (소스 파일 'demo.cpp'을(를) 컴파일하는 중)
  
D:\github_my\CG_team_project\practice111\obj_reader.h(312,61): warning C4267: '=': 'size_t'에서 'unsigned int'(으)로 변환하면서 데이터가 손실될 수 있습니다.
  (소스 파일 'demo.cpp'을(를) 컴파일하는 중)
  
D:\github_my\CG_team_project\practice111\obj_reader.h(314,63): warning C4267: '=': 'size_t'에서 'unsigned int'(으)로 변환하면서 데이터가 손실될 수 있습니다.
  (소스 파일 'demo.cpp'을(를) 컴파일하는 중)
  
D:\github_my\CG_team_project\practice111\obj_reader.h(318,61): warning C4267: '=': 'size_t'에서 'unsigned int'(으)로 변환하면서 데이터가 손실될 수 있습니다.
  (소스 파일 'demo.cpp'을(를) 컴파일하는 중)
  
D:\github_my\CG_team_project\practice111\obj_reader.h(320,63): warning C4267: '=': 'size_t'에서 'unsigned int'(으)로 변환하면서 데이터가 손실될 수 있습니다.
  (소스 파일 'demo.cpp'을(를) 컴파일하는 중)
  
D:\github_my\CG_team_project\practice111\obj_reader.h(322,61): warning C4267: '=': 'size_t'에서 'unsigned int'(으)로 변환하면서 데이터가 손실될 수 있습니다.
  (소스 파일 'demo.cpp'을(를) 컴파일하는 중)
  
D:\github_my\CG_team_project\practice111\obj_reader.h(324,63): warning C4267: '=': 'size_t'에서 'unsigned int'(으)로 변환하면서 데이터가 손실될 수 있습니다.
  (소스 파일 'demo.cpp'을(를) 컴파일하는 중)
  
D:\github_my\CG_team_project\practice111\obj_reader.h(326,61): warning C4267: '=': 'size_t'에서 'unsigned int'(으)로 변환하면서 데이터가 손실될 수 있습니다.
  (소스 파일 'demo.cpp'을(를) 컴파일하는 중)
  
D:\github_my\CG_team_project\practice111\obj_reader.h(328,63): warning C4267: '=': 'size_t'에서 'unsigned int'(으)로 변환하면서 데이터가 손실될 수 있습니다.
  (소스 파일 'demo.cpp'을(를) 컴파일하는 중)
  
D:\github_my\CG_team_project\practice111\obj_reader.h(330,61): warning C4267: '=': 'size_t'에서 'unsigned int'(으)로 변환하면서 데이터가 손실될 수 있습니다.
  (소스 파일 'demo.cpp'을(를) 컴파일하는 중)
  
D:\github_my\CG_team_project\practice111\obj_reader.h(332,63): warning C4267: '=': 'size_t'에서 'unsigned int'(으)로 변환하면서 데이터가 손실될 수 있습니다.
  (소스 파일 'demo.cpp'을(를) 컴파일하는 중)
  
D:\github_my\CG_team_project\practice111\demo.cpp(210,29): warning C4244: '인수': 'float'에서 'int'(으)로 변환하면서 데이터가 손실될 수 있습니다.
D:\github_my\CG_team_project\practice111\demo.cpp(210,21): warning C4244: '인수': 'float'에서 'int'(으)로 변환하면서 데이터가 손실될 수 있습니다.
D:\github_my\CG_team_project\practice111\demo.cpp(332,24): warning C4244: '=': 'int'에서 'GLfloat'(으)로 변환하면서 데이터가 손실될 수 있습니다.
D:\github_my\CG_team_project\practice111\demo.cpp(457,19): warning C4305: '-=': 'double'에서 'GLfloat'(으)로 잘립니다.
D:\github_my\CG_team_project\practice111\demo.cpp(561,52): warning C4267: '인수': 'size_t'에서 'GLsizei'(으)로 변환하면서 데이터가 손실될 수 있습니다.
D:\github_my\CG_team_project\practice111\demo.cpp(672,33): warning C4244: '=': 'int'에서 'float'(으)로 변환하면서 데이터가 손실될 수 있습니다.
D:\github_my\CG_team_project\practice111\demo.cpp(870,48): warning C4244: '=': 'int'에서 'T'(으)로 변환하면서 데이터가 손실될 수 있습니다.
D:\github_my\CG_team_project\practice111\demo.cpp(870,48): warning C4244:         with
D:\github_my\CG_team_project\practice111\demo.cpp(870,48): warning C4244:         [
D:\github_my\CG_team_project\practice111\demo.cpp(870,48): warning C4244:             T=float
D:\github_my\CG_team_project\practice111\demo.cpp(870,48): warning C4244:         ]
  코드를 생성하고 있습니다.
  27 of 154 functions (17.5%) were compiled, the rest were copied from previous compilation.
    10 functions were new in current compilation
    9 functions had inline decision re-evaluated but remain unchanged
  코드를 생성했습니다.
  practice111.vcxproj -> D:\github_my\CG_team_project\practice111\x64\Release\practice111.exe
